20x20
Cycle 0
CyclesWithouNewBest 0
CurrentSimilarity 0.305657
CyclesWithouNewBest 0
Best 0.317992
PopulationBest 0.317992
Cycle 1000
CyclesWithouNewBest 915
CurrentSimilarity 0.204444
CyclesWithouNewBest 915
Best 0.393443
PopulationBest 0.393443
Cycle 2000
CyclesWithouNewBest 1915
CurrentSimilarity 0.193535
CyclesWithouNewBest 1915
Best 0.393443
PopulationBest 0.393443
Cycle 3000
CyclesWithouNewBest 2915
CurrentSimilarity 0.249899
CyclesWithouNewBest 2915
Best 0.393443
PopulationBest 0.393443
Cycle 4000
CyclesWithouNewBest 569
CurrentSimilarity 0.215354
CyclesWithouNewBest 569
Best 0.410256
PopulationBest 0.410256
Cycle 5000
CyclesWithouNewBest 1569
CurrentSimilarity 0.197374
CyclesWithouNewBest 1569
Best 0.410256
PopulationBest 0.410256
Cycle 6000
CyclesWithouNewBest 2569
CurrentSimilarity 0.202424
CyclesWithouNewBest 2569
Best 0.410256
PopulationBest 0.410256
Cycle 7000
CyclesWithouNewBest 854
CurrentSimilarity 0.203838
CyclesWithouNewBest 854
Best 0.420382
PopulationBest 0.420382
Cycle 8000
CyclesWithouNewBest 1854
CurrentSimilarity 0.217778
CyclesWithouNewBest 1854
Best 0.420382
PopulationBest 0.420382
Cycle 9000
CyclesWithouNewBest 2854
CurrentSimilarity 0.196566
CyclesWithouNewBest 2854
Best 0.420382
PopulationBest 0.420382
Cycle 10000
CyclesWithouNewBest 3854
CurrentSimilarity 0.203232
CyclesWithouNewBest 3854
Best 0.420382
PopulationBest 0.420382
Cycle 11000
CyclesWithouNewBest 4854
CurrentSimilarity 0.190303
CyclesWithouNewBest 4854
Best 0.420382
PopulationBest 0.420382
Cycle 12000
CyclesWithouNewBest 5854
CurrentSimilarity 0.188283
CyclesWithouNewBest 5854
Best 0.420382
PopulationBest 0.420382
Cycle 13000
CyclesWithouNewBest 6854
CurrentSimilarity 0.176364
CyclesWithouNewBest 6854
Best 0.420382
PopulationBest 0.420382
Cycle 14000
CyclesWithouNewBest 7854
CurrentSimilarity 0.214343
CyclesWithouNewBest 7854
Best 0.420382
PopulationBest 0.420382
Cycle 15000
CyclesWithouNewBest 8854
CurrentSimilarity 0.227273
CyclesWithouNewBest 8854
Best 0.420382
PopulationBest 0.420382
Cycle 16000
CyclesWithouNewBest 9854
CurrentSimilarity 0.208687
CyclesWithouNewBest 9854
Best 0.420382
PopulationBest 0.420382
20x20
Overall best: 0.420382
Algo time: 5:35.538

0.420382

24x40
Cycle 0
CyclesWithouNewBest 0
CurrentSimilarity 0.261414
CyclesWithouNewBest 0
Best 0.352201
PopulationBest 0.352201
Cycle 1000
CyclesWithouNewBest 539
CurrentSimilarity 0.185455
CyclesWithouNewBest 539
Best 0.434783
PopulationBest 0.434783
Cycle 2000
CyclesWithouNewBest 1539
CurrentSimilarity 0.186061
CyclesWithouNewBest 1539
Best 0.434783
PopulationBest 0.434783
Cycle 3000
CyclesWithouNewBest 2539
CurrentSimilarity 0.19596
CyclesWithouNewBest 2539
Best 0.434783
PopulationBest 0.434783
Cycle 4000
CyclesWithouNewBest 3539
CurrentSimilarity 0.207071
CyclesWithouNewBest 3539
Best 0.434783
PopulationBest 0.434783
Cycle 5000
CyclesWithouNewBest 4539
CurrentSimilarity 0.191919
CyclesWithouNewBest 4539
Best 0.434783
PopulationBest 0.434783
Cycle 6000
CyclesWithouNewBest 5539
CurrentSimilarity 0.188687
CyclesWithouNewBest 5539
Best 0.434783
PopulationBest 0.434783
Cycle 7000
CyclesWithouNewBest 6539
CurrentSimilarity 0.213939
CyclesWithouNewBest 6539
Best 0.434783
PopulationBest 0.434783
Cycle 8000
CyclesWithouNewBest 7539
CurrentSimilarity 0.222626
CyclesWithouNewBest 7539
Best 0.434783
PopulationBest 0.434783
Cycle 9000
CyclesWithouNewBest 8539
CurrentSimilarity 0.247273
CyclesWithouNewBest 8539
Best 0.434783
PopulationBest 0.434783
Cycle 10000
CyclesWithouNewBest 9539
CurrentSimilarity 0.211919
CyclesWithouNewBest 9539
Best 0.434783
PopulationBest 0.434783
24x40
Overall best: 0.434783
Algo time: 9:24.240

0.434783

30x50
Cycle 0
CyclesWithouNewBest 0
CurrentSimilarity 0.255354
CyclesWithouNewBest 0
Best 0.321951
PopulationBest 0.321951
Cycle 1000
CyclesWithouNewBest 346
CurrentSimilarity 0.233939
CyclesWithouNewBest 346
Best 0.461538
PopulationBest 0.461538
Cycle 2000
CyclesWithouNewBest 1346
CurrentSimilarity 0.178182
CyclesWithouNewBest 1346
Best 0.461538
PopulationBest 0.461538
Cycle 3000
CyclesWithouNewBest 2346
CurrentSimilarity 0.168485
CyclesWithouNewBest 2346
Best 0.461538
PopulationBest 0.461538
Cycle 4000
CyclesWithouNewBest 3346
CurrentSimilarity 0.210303
CyclesWithouNewBest 3346
Best 0.461538
PopulationBest 0.461538
Cycle 5000
CyclesWithouNewBest 4346
CurrentSimilarity 0.20303
CyclesWithouNewBest 4346
Best 0.461538
PopulationBest 0.461538
Cycle 6000
CyclesWithouNewBest 5346
CurrentSimilarity 0.214141
CyclesWithouNewBest 5346
Best 0.461538
PopulationBest 0.461538
Cycle 7000
CyclesWithouNewBest 6346
CurrentSimilarity 0.181212
CyclesWithouNewBest 6346
Best 0.461538
PopulationBest 0.461538
Cycle 8000
CyclesWithouNewBest 7346
CurrentSimilarity 0.19798
CyclesWithouNewBest 7346
Best 0.461538
PopulationBest 0.461538
Cycle 9000
CyclesWithouNewBest 8346
CurrentSimilarity 0.176566
CyclesWithouNewBest 8346
Best 0.461538
PopulationBest 0.461538
Cycle 10000
CyclesWithouNewBest 9346
CurrentSimilarity 0.192323
CyclesWithouNewBest 9346
Best 0.461538
PopulationBest 0.461538
30x50
Overall best: 0.461538
Algo time: 13:38.666

0.461538

30x90
Cycle 0
CyclesWithouNewBest 0
CurrentSimilarity 0.239798
CyclesWithouNewBest 0
Best 0.376471
PopulationBest 0.376471
Cycle 1000
CyclesWithouNewBest 789
CurrentSimilarity 0.235152
CyclesWithouNewBest 789
Best 0.470255
PopulationBest 0.470255
Cycle 2000
CyclesWithouNewBest 1789
CurrentSimilarity 0.225657
CyclesWithouNewBest 1789
Best 0.470255
PopulationBest 0.470255
Cycle 3000
CyclesWithouNewBest 2789
CurrentSimilarity 0.191313
CyclesWithouNewBest 2789
Best 0.470255
PopulationBest 0.470255
Cycle 4000
CyclesWithouNewBest 3789
CurrentSimilarity 0.193737
CyclesWithouNewBest 3789
Best 0.470255
PopulationBest 0.470255
Cycle 5000
CyclesWithouNewBest 4789
CurrentSimilarity 0.268687
CyclesWithouNewBest 4789
Best 0.470255
PopulationBest 0.470255
Cycle 6000
CyclesWithouNewBest 5789
CurrentSimilarity 0.23596
CyclesWithouNewBest 5789
Best 0.470255
PopulationBest 0.470255
Cycle 7000
CyclesWithouNewBest 6789
CurrentSimilarity 0.196364
CyclesWithouNewBest 6789
Best 0.470255
PopulationBest 0.470255
Cycle 8000
CyclesWithouNewBest 7789
CurrentSimilarity 0.223838
CyclesWithouNewBest 7789
Best 0.470255
PopulationBest 0.470255
Cycle 9000
CyclesWithouNewBest 8789
CurrentSimilarity 0.223232
CyclesWithouNewBest 8789
Best 0.470255
PopulationBest 0.470255
Cycle 10000
CyclesWithouNewBest 9789
CurrentSimilarity 0.186061
CyclesWithouNewBest 9789
Best 0.470255
PopulationBest 0.470255
30x90
Overall best: 0.470255
Algo time: 21:26.13

0.425287

37x53
Cycle 0
CyclesWithouNewBest 0
CurrentSimilarity 0.130505
CyclesWithouNewBest 0
Best 0.510977
PopulationBest 0.510977
Cycle 1000
CyclesWithouNewBest 71
CurrentSimilarity 0.200808
CyclesWithouNewBest 71
Best 0.594853
PopulationBest 0.594853
Cycle 2000
CyclesWithouNewBest 1071
CurrentSimilarity 0.283232
CyclesWithouNewBest 1071
Best 0.594853
PopulationBest 0.594853
Cycle 3000
CyclesWithouNewBest 2071
CurrentSimilarity 0.168081
CyclesWithouNewBest 2071
Best 0.594853
PopulationBest 0.594853
Cycle 4000
CyclesWithouNewBest 3071
CurrentSimilarity 0.224848
CyclesWithouNewBest 3071
Best 0.594853
PopulationBest 0.594853
Cycle 5000
CyclesWithouNewBest 4071
CurrentSimilarity 0.230303
CyclesWithouNewBest 4071
Best 0.594853
PopulationBest 0.594853
Cycle 6000
CyclesWithouNewBest 5071
CurrentSimilarity 0.258788
CyclesWithouNewBest 5071
Best 0.594853
PopulationBest 0.594853
Cycle 7000
CyclesWithouNewBest 6071
CurrentSimilarity 0.307071
CyclesWithouNewBest 6071
Best 0.594853
PopulationBest 0.594853
Cycle 8000
CyclesWithouNewBest 7071
CurrentSimilarity 0.219596
CyclesWithouNewBest 7071
Best 0.594853
PopulationBest 0.594853
Cycle 9000
CyclesWithouNewBest 8071
CurrentSimilarity 0.192525
CyclesWithouNewBest 8071
Best 0.594853
PopulationBest 0.594853
Cycle 10000
CyclesWithouNewBest 9071
CurrentSimilarity 0.258788
CyclesWithouNewBest 9071
Best 0.594853
PopulationBest 0.594853
37x53
Overall best: 0.594853
Algo time: 14:24.231

0.594853

